[WARNING] 2025-12-04 16:41:48,139 django.request: Not Found: /favicon.ico
[WARNING] 2025-12-04 18:07:44,713 django.request: Not Found: /favicon.ico
[ERROR] 2025-12-04 22:54:39,749 django.request: Internal Server Error: /accounts/confirm
Traceback (most recent call last):
  File "C:\Users\atsushi2\Desktop\TipTree\.venv\Lib\site-packages\django\core\handlers\exception.py", line 55, in inner
    response = get_response(request)
  File "C:\Users\atsushi2\Desktop\TipTree\.venv\Lib\site-packages\django\core\handlers\base.py", line 197, in _get_response
    response = wrapped_callback(request, *callback_args, **callback_kwargs)
  File "C:\Users\atsushi2\Desktop\TipTree\tiptree_project\accounts\views.py", line 48, in confirm
    'password_mask':password_mask
                    ^^^^^^^^^^^^^
UnboundLocalError: cannot access local variable 'password_mask' where it is not associated with a value
[ERROR] 2025-12-04 23:01:31,228 django.request: Internal Server Error: /accounts/confirm
Traceback (most recent call last):
  File "C:\Users\atsushi2\Desktop\TipTree\.venv\Lib\site-packages\django\core\handlers\exception.py", line 55, in inner
    response = get_response(request)
  File "C:\Users\atsushi2\Desktop\TipTree\.venv\Lib\site-packages\django\core\handlers\base.py", line 197, in _get_response
    response = wrapped_callback(request, *callback_args, **callback_kwargs)
  File "C:\Users\atsushi2\Desktop\TipTree\tiptree_project\accounts\views.py", line 48, in confirm
    'password_mask':password_mask
                    ^^^^^^^^^^^^^
UnboundLocalError: cannot access local variable 'password_mask' where it is not associated with a value
[ERROR] 2025-12-04 23:01:41,091 django.request: Internal Server Error: /accounts/confirm
Traceback (most recent call last):
  File "C:\Users\atsushi2\Desktop\TipTree\.venv\Lib\site-packages\django\core\handlers\exception.py", line 55, in inner
    response = get_response(request)
  File "C:\Users\atsushi2\Desktop\TipTree\.venv\Lib\site-packages\django\core\handlers\base.py", line 197, in _get_response
    response = wrapped_callback(request, *callback_args, **callback_kwargs)
  File "C:\Users\atsushi2\Desktop\TipTree\tiptree_project\accounts\views.py", line 48, in confirm
    'password_mask':password_mask
                    ^^^^^^^^^^^^^
UnboundLocalError: cannot access local variable 'password_mask' where it is not associated with a value
[ERROR] 2025-12-05 18:03:31,255 django.request: Internal Server Error: /posts/create_post
Traceback (most recent call last):
  File "C:\Users\atsushi2\Desktop\TipTree\.venv\Lib\site-packages\django\core\handlers\exception.py", line 55, in inner
    response = get_response(request)
  File "C:\Users\atsushi2\Desktop\TipTree\.venv\Lib\site-packages\django\core\handlers\base.py", line 197, in _get_response
    response = wrapped_callback(request, *callback_args, **callback_kwargs)
  File "C:\Users\atsushi2\Desktop\TipTree\.venv\Lib\site-packages\django\contrib\auth\decorators.py", line 59, in _view_wrapper
    return view_func(request, *args, **kwargs)
  File "C:\Users\atsushi2\Desktop\TipTree\tiptree_project\posts\views.py", line 57, in create_post
    return render(
        request,
        'posts/confirm.html',
        context={'create_post_form': create_post_form, 'post': post}
    )
  File "C:\Users\atsushi2\Desktop\TipTree\.venv\Lib\site-packages\django\shortcuts.py", line 25, in render
    content = loader.render_to_string(template_name, context, request, using=using)
  File "C:\Users\atsushi2\Desktop\TipTree\.venv\Lib\site-packages\django\template\loader.py", line 62, in render_to_string
    return template.render(context, request)
           ~~~~~~~~~~~~~~~^^^^^^^^^^^^^^^^^^
  File "C:\Users\atsushi2\Desktop\TipTree\.venv\Lib\site-packages\django\template\backends\django.py", line 107, in render
    return self.template.render(context)
           ~~~~~~~~~~~~~~~~~~~~^^^^^^^^^
  File "C:\Users\atsushi2\Desktop\TipTree\.venv\Lib\site-packages\django\template\base.py", line 171, in render
    return self._render(context)
           ~~~~~~~~~~~~^^^^^^^^^
  File "C:\Users\atsushi2\Desktop\TipTree\.venv\Lib\site-packages\django\template\base.py", line 163, in _render
    return self.nodelist.render(context)
           ~~~~~~~~~~~~~~~~~~~~^^^^^^^^^
  File "C:\Users\atsushi2\Desktop\TipTree\.venv\Lib\site-packages\django\template\base.py", line 1016, in render
    return SafeString("".join([node.render_annotated(context) for node in self]))
                               ~~~~~~~~~~~~~~~~~~~~~^^^^^^^^^
  File "C:\Users\atsushi2\Desktop\TipTree\.venv\Lib\site-packages\django\template\base.py", line 977, in render_annotated
    return self.render(context)
           ~~~~~~~~~~~^^^^^^^^^
  File "C:\Users\atsushi2\Desktop\TipTree\.venv\Lib\site-packages\django\template\loader_tags.py", line 159, in render
    return compiled_parent._render(context)
           ~~~~~~~~~~~~~~~~~~~~~~~^^^^^^^^^
  File "C:\Users\atsushi2\Desktop\TipTree\.venv\Lib\site-packages\django\template\base.py", line 163, in _render
    return self.nodelist.render(context)
           ~~~~~~~~~~~~~~~~~~~~^^^^^^^^^
  File "C:\Users\atsushi2\Desktop\TipTree\.venv\Lib\site-packages\django\template\base.py", line 1016, in render
    return SafeString("".join([node.render_annotated(context) for node in self]))
                               ~~~~~~~~~~~~~~~~~~~~~^^^^^^^^^
  File "C:\Users\atsushi2\Desktop\TipTree\.venv\Lib\site-packages\django\template\base.py", line 977, in render_annotated
    return self.render(context)
           ~~~~~~~~~~~^^^^^^^^^
  File "C:\Users\atsushi2\Desktop\TipTree\.venv\Lib\site-packages\django\template\loader_tags.py", line 65, in render
    result = block.nodelist.render(context)
  File "C:\Users\atsushi2\Desktop\TipTree\.venv\Lib\site-packages\django\template\base.py", line 1016, in render
    return SafeString("".join([node.render_annotated(context) for node in self]))
                               ~~~~~~~~~~~~~~~~~~~~~^^^^^^^^^
  File "C:\Users\atsushi2\Desktop\TipTree\.venv\Lib\site-packages\django\template\base.py", line 977, in render_annotated
    return self.render(context)
           ~~~~~~~~~~~^^^^^^^^^
  File "C:\Users\atsushi2\Desktop\TipTree\.venv\Lib\site-packages\django\template\defaulttags.py", line 480, in render
    url = reverse(view_name, args=args, kwargs=kwargs, current_app=current_app)
  File "C:\Users\atsushi2\Desktop\TipTree\.venv\Lib\site-packages\django\urls\base.py", line 98, in reverse
    resolved_url = resolver._reverse_with_prefix(view, prefix, *args, **kwargs)
  File "C:\Users\atsushi2\Desktop\TipTree\.venv\Lib\site-packages\django\urls\resolvers.py", line 831, in _reverse_with_prefix
    raise NoReverseMatch(msg)
django.urls.exceptions.NoReverseMatch: Reverse for 'done' not found. 'done' is not a valid view function or pattern name.
[ERROR] 2025-12-05 18:16:54,446 django.request: Internal Server Error: /posts/create_post
Traceback (most recent call last):
  File "C:\Users\atsushi2\Desktop\TipTree\.venv\Lib\site-packages\django\core\handlers\exception.py", line 55, in inner
    response = get_response(request)
  File "C:\Users\atsushi2\Desktop\TipTree\.venv\Lib\site-packages\django\core\handlers\base.py", line 197, in _get_response
    response = wrapped_callback(request, *callback_args, **callback_kwargs)
  File "C:\Users\atsushi2\Desktop\TipTree\.venv\Lib\site-packages\django\contrib\auth\decorators.py", line 59, in _view_wrapper
    return view_func(request, *args, **kwargs)
  File "C:\Users\atsushi2\Desktop\TipTree\tiptree_project\posts\views.py", line 57, in create_post
    return render(
        request,
        'posts/confirm.html',
        context={'create_post_form': create_post_form, 'post': post}
    )
  File "C:\Users\atsushi2\Desktop\TipTree\.venv\Lib\site-packages\django\shortcuts.py", line 25, in render
    content = loader.render_to_string(template_name, context, request, using=using)
  File "C:\Users\atsushi2\Desktop\TipTree\.venv\Lib\site-packages\django\template\loader.py", line 62, in render_to_string
    return template.render(context, request)
           ~~~~~~~~~~~~~~~^^^^^^^^^^^^^^^^^^
  File "C:\Users\atsushi2\Desktop\TipTree\.venv\Lib\site-packages\django\template\backends\django.py", line 107, in render
    return self.template.render(context)
           ~~~~~~~~~~~~~~~~~~~~^^^^^^^^^
  File "C:\Users\atsushi2\Desktop\TipTree\.venv\Lib\site-packages\django\template\base.py", line 171, in render
    return self._render(context)
           ~~~~~~~~~~~~^^^^^^^^^
  File "C:\Users\atsushi2\Desktop\TipTree\.venv\Lib\site-packages\django\template\base.py", line 163, in _render
    return self.nodelist.render(context)
           ~~~~~~~~~~~~~~~~~~~~^^^^^^^^^
  File "C:\Users\atsushi2\Desktop\TipTree\.venv\Lib\site-packages\django\template\base.py", line 1016, in render
    return SafeString("".join([node.render_annotated(context) for node in self]))
                               ~~~~~~~~~~~~~~~~~~~~~^^^^^^^^^
  File "C:\Users\atsushi2\Desktop\TipTree\.venv\Lib\site-packages\django\template\base.py", line 977, in render_annotated
    return self.render(context)
           ~~~~~~~~~~~^^^^^^^^^
  File "C:\Users\atsushi2\Desktop\TipTree\.venv\Lib\site-packages\django\template\loader_tags.py", line 159, in render
    return compiled_parent._render(context)
           ~~~~~~~~~~~~~~~~~~~~~~~^^^^^^^^^
  File "C:\Users\atsushi2\Desktop\TipTree\.venv\Lib\site-packages\django\template\base.py", line 163, in _render
    return self.nodelist.render(context)
           ~~~~~~~~~~~~~~~~~~~~^^^^^^^^^
  File "C:\Users\atsushi2\Desktop\TipTree\.venv\Lib\site-packages\django\template\base.py", line 1016, in render
    return SafeString("".join([node.render_annotated(context) for node in self]))
                               ~~~~~~~~~~~~~~~~~~~~~^^^^^^^^^
  File "C:\Users\atsushi2\Desktop\TipTree\.venv\Lib\site-packages\django\template\base.py", line 977, in render_annotated
    return self.render(context)
           ~~~~~~~~~~~^^^^^^^^^
  File "C:\Users\atsushi2\Desktop\TipTree\.venv\Lib\site-packages\django\template\loader_tags.py", line 65, in render
    result = block.nodelist.render(context)
  File "C:\Users\atsushi2\Desktop\TipTree\.venv\Lib\site-packages\django\template\base.py", line 1016, in render
    return SafeString("".join([node.render_annotated(context) for node in self]))
                               ~~~~~~~~~~~~~~~~~~~~~^^^^^^^^^
  File "C:\Users\atsushi2\Desktop\TipTree\.venv\Lib\site-packages\django\template\base.py", line 977, in render_annotated
    return self.render(context)
           ~~~~~~~~~~~^^^^^^^^^
  File "C:\Users\atsushi2\Desktop\TipTree\.venv\Lib\site-packages\django\template\defaulttags.py", line 480, in render
    url = reverse(view_name, args=args, kwargs=kwargs, current_app=current_app)
  File "C:\Users\atsushi2\Desktop\TipTree\.venv\Lib\site-packages\django\urls\base.py", line 98, in reverse
    resolved_url = resolver._reverse_with_prefix(view, prefix, *args, **kwargs)
  File "C:\Users\atsushi2\Desktop\TipTree\.venv\Lib\site-packages\django\urls\resolvers.py", line 831, in _reverse_with_prefix
    raise NoReverseMatch(msg)
django.urls.exceptions.NoReverseMatch: Reverse for 'done' not found. 'done' is not a valid view function or pattern name.
[WARNING] 2025-12-05 18:18:20,768 django.request: Not Found: /media/profile_images/reina.kurosaki.jpg
[WARNING] 2026-01-06 10:50:59,570 django.request: Not Found: /favicon.ico
[ERROR] 2026-01-06 10:51:24,396 django.request: Internal Server Error: /accounts/my_page
Traceback (most recent call last):
  File "C:\Users\atsushi2\Desktop\TipTree\.venv\Lib\site-packages\django\template\backends\django.py", line 107, in render
    return self.template.render(context)
           ~~~~~~~~~~~~~~~~~~~~^^^^^^^^^
  File "C:\Users\atsushi2\Desktop\TipTree\.venv\Lib\site-packages\django\template\base.py", line 171, in render
    return self._render(context)
           ~~~~~~~~~~~~^^^^^^^^^
  File "C:\Users\atsushi2\Desktop\TipTree\.venv\Lib\site-packages\django\template\base.py", line 163, in _render
    return self.nodelist.render(context)
           ~~~~~~~~~~~~~~~~~~~~^^^^^^^^^
  File "C:\Users\atsushi2\Desktop\TipTree\.venv\Lib\site-packages\django\template\base.py", line 1016, in render
    return SafeString("".join([node.render_annotated(context) for node in self]))
                               ~~~~~~~~~~~~~~~~~~~~~^^^^^^^^^
  File "C:\Users\atsushi2\Desktop\TipTree\.venv\Lib\site-packages\django\template\base.py", line 977, in render_annotated
    return self.render(context)
           ~~~~~~~~~~~^^^^^^^^^
  File "C:\Users\atsushi2\Desktop\TipTree\.venv\Lib\site-packages\django\template\loader_tags.py", line 159, in render
    return compiled_parent._render(context)
           ~~~~~~~~~~~~~~~~~~~~~~~^^^^^^^^^
  File "C:\Users\atsushi2\Desktop\TipTree\.venv\Lib\site-packages\django\template\base.py", line 163, in _render
    return self.nodelist.render(context)
           ~~~~~~~~~~~~~~~~~~~~^^^^^^^^^
  File "C:\Users\atsushi2\Desktop\TipTree\.venv\Lib\site-packages\django\template\base.py", line 1016, in render
    return SafeString("".join([node.render_annotated(context) for node in self]))
                               ~~~~~~~~~~~~~~~~~~~~~^^^^^^^^^
  File "C:\Users\atsushi2\Desktop\TipTree\.venv\Lib\site-packages\django\template\base.py", line 977, in render_annotated
    return self.render(context)
           ~~~~~~~~~~~^^^^^^^^^
  File "C:\Users\atsushi2\Desktop\TipTree\.venv\Lib\site-packages\django\template\loader_tags.py", line 65, in render
    result = block.nodelist.render(context)
  File "C:\Users\atsushi2\Desktop\TipTree\.venv\Lib\site-packages\django\template\base.py", line 1016, in render
    return SafeString("".join([node.render_annotated(context) for node in self]))
                               ~~~~~~~~~~~~~~~~~~~~~^^^^^^^^^
  File "C:\Users\atsushi2\Desktop\TipTree\.venv\Lib\site-packages\django\template\base.py", line 977, in render_annotated
    return self.render(context)
           ~~~~~~~~~~~^^^^^^^^^
  File "C:\Users\atsushi2\Desktop\TipTree\.venv\Lib\site-packages\django\template\defaulttags.py", line 243, in render
    nodelist.append(node.render_annotated(context))
                    ~~~~~~~~~~~~~~~~~~~~~^^^^^^^^^
  File "C:\Users\atsushi2\Desktop\TipTree\.venv\Lib\site-packages\django\template\base.py", line 977, in render_annotated
    return self.render(context)
           ~~~~~~~~~~~^^^^^^^^^
  File "C:\Users\atsushi2\Desktop\TipTree\.venv\Lib\site-packages\django\template\loader_tags.py", line 199, in render
    template = context.template.engine.select_template(template_name)
  File "C:\Users\atsushi2\Desktop\TipTree\.venv\Lib\site-packages\django\template\engine.py", line 214, in select_template
    raise TemplateDoesNotExist(", ".join(not_found))
django.template.exceptions.TemplateDoesNotExist: posts/post_card.html

The above exception was the direct cause of the following exception:

Traceback (most recent call last):
  File "C:\Users\atsushi2\Desktop\TipTree\.venv\Lib\site-packages\django\core\handlers\exception.py", line 55, in inner
    response = get_response(request)
  File "C:\Users\atsushi2\Desktop\TipTree\.venv\Lib\site-packages\django\core\handlers\base.py", line 197, in _get_response
    response = wrapped_callback(request, *callback_args, **callback_kwargs)
  File "C:\Users\atsushi2\Desktop\TipTree\.venv\Lib\site-packages\django\contrib\auth\decorators.py", line 59, in _view_wrapper
    return view_func(request, *args, **kwargs)
  File "C:\Users\atsushi2\Desktop\TipTree\tiptree_project\accounts\views.py", line 82, in my_page
    return render(request,"accounts/my_page.html",context={
        'user': user,
        'posts': posts
    })
  File "C:\Users\atsushi2\Desktop\TipTree\.venv\Lib\site-packages\django\shortcuts.py", line 25, in render
    content = loader.render_to_string(template_name, context, request, using=using)
  File "C:\Users\atsushi2\Desktop\TipTree\.venv\Lib\site-packages\django\template\loader.py", line 62, in render_to_string
    return template.render(context, request)
           ~~~~~~~~~~~~~~~^^^^^^^^^^^^^^^^^^
  File "C:\Users\atsushi2\Desktop\TipTree\.venv\Lib\site-packages\django\template\backends\django.py", line 109, in render
    reraise(exc, self.backend)
    ~~~~~~~^^^^^^^^^^^^^^^^^^^
  File "C:\Users\atsushi2\Desktop\TipTree\.venv\Lib\site-packages\django\template\backends\django.py", line 130, in reraise
    raise new from exc
django.template.exceptions.TemplateDoesNotExist: posts/post_card.html
[ERROR] 2026-01-06 10:54:51,172 django.request: Internal Server Error: /accounts/my_page
Traceback (most recent call last):
  File "C:\Users\atsushi2\Desktop\TipTree\.venv\Lib\site-packages\django\template\base.py", line 890, in _resolve_lookup
    raise TypeError
TypeError

During handling of the above exception, another exception occurred:

Traceback (most recent call last):
  File "C:\Users\atsushi2\Desktop\TipTree\.venv\Lib\site-packages\django\core\handlers\exception.py", line 55, in inner
    response = get_response(request)
  File "C:\Users\atsushi2\Desktop\TipTree\.venv\Lib\site-packages\django\core\handlers\base.py", line 197, in _get_response
    response = wrapped_callback(request, *callback_args, **callback_kwargs)
  File "C:\Users\atsushi2\Desktop\TipTree\.venv\Lib\site-packages\django\contrib\auth\decorators.py", line 59, in _view_wrapper
    return view_func(request, *args, **kwargs)
  File "C:\Users\atsushi2\Desktop\TipTree\tiptree_project\accounts\views.py", line 82, in my_page
    return render(request,"accounts/my_page.html",context={
        'user': user,
        'posts': posts
    })
  File "C:\Users\atsushi2\Desktop\TipTree\.venv\Lib\site-packages\django\shortcuts.py", line 25, in render
    content = loader.render_to_string(template_name, context, request, using=using)
  File "C:\Users\atsushi2\Desktop\TipTree\.venv\Lib\site-packages\django\template\loader.py", line 62, in render_to_string
    return template.render(context, request)
           ~~~~~~~~~~~~~~~^^^^^^^^^^^^^^^^^^
  File "C:\Users\atsushi2\Desktop\TipTree\.venv\Lib\site-packages\django\template\backends\django.py", line 107, in render
    return self.template.render(context)
           ~~~~~~~~~~~~~~~~~~~~^^^^^^^^^
  File "C:\Users\atsushi2\Desktop\TipTree\.venv\Lib\site-packages\django\template\base.py", line 171, in render
    return self._render(context)
           ~~~~~~~~~~~~^^^^^^^^^
  File "C:\Users\atsushi2\Desktop\TipTree\.venv\Lib\site-packages\django\template\base.py", line 163, in _render
    return self.nodelist.render(context)
           ~~~~~~~~~~~~~~~~~~~~^^^^^^^^^
  File "C:\Users\atsushi2\Desktop\TipTree\.venv\Lib\site-packages\django\template\base.py", line 1016, in render
    return SafeString("".join([node.render_annotated(context) for node in self]))
                               ~~~~~~~~~~~~~~~~~~~~~^^^^^^^^^
  File "C:\Users\atsushi2\Desktop\TipTree\.venv\Lib\site-packages\django\template\base.py", line 977, in render_annotated
    return self.render(context)
           ~~~~~~~~~~~^^^^^^^^^
  File "C:\Users\atsushi2\Desktop\TipTree\.venv\Lib\site-packages\django\template\loader_tags.py", line 159, in render
    return compiled_parent._render(context)
           ~~~~~~~~~~~~~~~~~~~~~~~^^^^^^^^^
  File "C:\Users\atsushi2\Desktop\TipTree\.venv\Lib\site-packages\django\template\base.py", line 163, in _render
    return self.nodelist.render(context)
           ~~~~~~~~~~~~~~~~~~~~^^^^^^^^^
  File "C:\Users\atsushi2\Desktop\TipTree\.venv\Lib\site-packages\django\template\base.py", line 1016, in render
    return SafeString("".join([node.render_annotated(context) for node in self]))
                               ~~~~~~~~~~~~~~~~~~~~~^^^^^^^^^
  File "C:\Users\atsushi2\Desktop\TipTree\.venv\Lib\site-packages\django\template\base.py", line 977, in render_annotated
    return self.render(context)
           ~~~~~~~~~~~^^^^^^^^^
  File "C:\Users\atsushi2\Desktop\TipTree\.venv\Lib\site-packages\django\template\loader_tags.py", line 65, in render
    result = block.nodelist.render(context)
  File "C:\Users\atsushi2\Desktop\TipTree\.venv\Lib\site-packages\django\template\base.py", line 1016, in render
    return SafeString("".join([node.render_annotated(context) for node in self]))
                               ~~~~~~~~~~~~~~~~~~~~~^^^^^^^^^
  File "C:\Users\atsushi2\Desktop\TipTree\.venv\Lib\site-packages\django\template\base.py", line 977, in render_annotated
    return self.render(context)
           ~~~~~~~~~~~^^^^^^^^^
  File "C:\Users\atsushi2\Desktop\TipTree\.venv\Lib\site-packages\django\template\defaulttags.py", line 243, in render
    nodelist.append(node.render_annotated(context))
                    ~~~~~~~~~~~~~~~~~~~~~^^^^^^^^^
  File "C:\Users\atsushi2\Desktop\TipTree\.venv\Lib\site-packages\django\template\base.py", line 977, in render_annotated
    return self.render(context)
           ~~~~~~~~~~~^^^^^^^^^
  File "C:\Users\atsushi2\Desktop\TipTree\.venv\Lib\site-packages\django\template\loader_tags.py", line 210, in render
    return template.render(context)
           ~~~~~~~~~~~~~~~^^^^^^^^^
  File "C:\Users\atsushi2\Desktop\TipTree\.venv\Lib\site-packages\django\template\base.py", line 173, in render
    return self._render(context)
           ~~~~~~~~~~~~^^^^^^^^^
  File "C:\Users\atsushi2\Desktop\TipTree\.venv\Lib\site-packages\django\template\base.py", line 163, in _render
    return self.nodelist.render(context)
           ~~~~~~~~~~~~~~~~~~~~^^^^^^^^^
  File "C:\Users\atsushi2\Desktop\TipTree\.venv\Lib\site-packages\django\template\base.py", line 1016, in render
    return SafeString("".join([node.render_annotated(context) for node in self]))
                               ~~~~~~~~~~~~~~~~~~~~~^^^^^^^^^
  File "C:\Users\atsushi2\Desktop\TipTree\.venv\Lib\site-packages\django\template\base.py", line 977, in render_annotated
    return self.render(context)
           ~~~~~~~~~~~^^^^^^^^^
  File "C:\Users\atsushi2\Desktop\TipTree\.venv\Lib\site-packages\django\template\base.py", line 1075, in render
    output = self.filter_expression.resolve(context)
  File "C:\Users\atsushi2\Desktop\TipTree\.venv\Lib\site-packages\django\template\base.py", line 722, in resolve
    obj = self.var.resolve(context)
  File "C:\Users\atsushi2\Desktop\TipTree\.venv\Lib\site-packages\django\template\base.py", line 854, in resolve
    value = self._resolve_lookup(context)
  File "C:\Users\atsushi2\Desktop\TipTree\.venv\Lib\site-packages\django\template\base.py", line 901, in _resolve_lookup
    current = getattr(current, bit)
  File "C:\Users\atsushi2\Desktop\TipTree\tiptree_project\posts\models.py", line 82, in comment_count
    return self.comments.count()
           ^^^^^^^^^^^^^
AttributeError: 'Post' object has no attribute 'comments'. Did you mean: 'content'?
[WARNING] 2026-01-06 11:50:57,294 django.request: Not Found: /media/profile_images/reina.kurosaki.jpg
[WARNING] 2026-01-06 12:02:46,918 django.request: Not Found: /media/profile_images/reina.kurosaki.jpg
[WARNING] 2026-01-06 12:02:54,132 django.request: Not Found: /media/profile_images/reina.kurosaki.jpg
[WARNING] 2026-01-06 12:02:59,589 django.request: Not Found: /media/profile_images/reina.kurosaki.jpg
[WARNING] 2026-01-06 12:04:02,108 django.request: Not Found: /media/profile_images/reina.kurosaki.jpg
[ERROR] 2026-01-06 12:12:09,883 django.request: Internal Server Error: /accounts/my_page
Traceback (most recent call last):
  File "C:\Users\atsushi2\Desktop\TipTree\.venv\Lib\site-packages\django\template\base.py", line 510, in parse
    compile_func = self.tags[command]
                   ~~~~~~~~~^^^^^^^^^
KeyError: 'static'

During handling of the above exception, another exception occurred:

Traceback (most recent call last):
  File "C:\Users\atsushi2\Desktop\TipTree\.venv\Lib\site-packages\django\core\handlers\exception.py", line 55, in inner
    response = get_response(request)
  File "C:\Users\atsushi2\Desktop\TipTree\.venv\Lib\site-packages\django\core\handlers\base.py", line 197, in _get_response
    response = wrapped_callback(request, *callback_args, **callback_kwargs)
  File "C:\Users\atsushi2\Desktop\TipTree\.venv\Lib\site-packages\django\contrib\auth\decorators.py", line 59, in _view_wrapper
    return view_func(request, *args, **kwargs)
  File "C:\Users\atsushi2\Desktop\TipTree\tiptree_project\accounts\views.py", line 82, in my_page
    return render(request,"accounts/my_page.html",context={
        'user': user,
        'posts': posts
    })
  File "C:\Users\atsushi2\Desktop\TipTree\.venv\Lib\site-packages\django\shortcuts.py", line 25, in render
    content = loader.render_to_string(template_name, context, request, using=using)
  File "C:\Users\atsushi2\Desktop\TipTree\.venv\Lib\site-packages\django\template\loader.py", line 61, in render_to_string
    template = get_template(template_name, using=using)
  File "C:\Users\atsushi2\Desktop\TipTree\.venv\Lib\site-packages\django\template\loader.py", line 15, in get_template
    return engine.get_template(template_name)
           ~~~~~~~~~~~~~~~~~~~^^^^^^^^^^^^^^^
  File "C:\Users\atsushi2\Desktop\TipTree\.venv\Lib\site-packages\django\template\backends\django.py", line 79, in get_template
    return Template(self.engine.get_template(template_name), self)
                    ~~~~~~~~~~~~~~~~~~~~~~~~^^^^^^^^^^^^^^^
  File "C:\Users\atsushi2\Desktop\TipTree\.venv\Lib\site-packages\django\template\engine.py", line 177, in get_template
    template, origin = self.find_template(template_name)
                       ~~~~~~~~~~~~~~~~~~^^^^^^^^^^^^^^^
  File "C:\Users\atsushi2\Desktop\TipTree\.venv\Lib\site-packages\django\template\engine.py", line 159, in find_template
    template = loader.get_template(name, skip=skip)
  File "C:\Users\atsushi2\Desktop\TipTree\.venv\Lib\site-packages\django\template\loaders\cached.py", line 57, in get_template
    template = super().get_template(template_name, skip)
  File "C:\Users\atsushi2\Desktop\TipTree\.venv\Lib\site-packages\django\template\loaders\base.py", line 28, in get_template
    return Template(
        contents,
    ...<2 lines>...
        self.engine,
    )
  File "C:\Users\atsushi2\Desktop\TipTree\.venv\Lib\site-packages\django\template\base.py", line 154, in __init__
    self.nodelist = self.compile_nodelist()
                    ~~~~~~~~~~~~~~~~~~~~~^^
  File "C:\Users\atsushi2\Desktop\TipTree\.venv\Lib\site-packages\django\template\base.py", line 196, in compile_nodelist
    nodelist = parser.parse()
  File "C:\Users\atsushi2\Desktop\TipTree\.venv\Lib\site-packages\django\template\base.py", line 518, in parse
    raise self.error(token, e)
  File "C:\Users\atsushi2\Desktop\TipTree\.venv\Lib\site-packages\django\template\base.py", line 516, in parse
    compiled_result = compile_func(self, token)
  File "C:\Users\atsushi2\Desktop\TipTree\.venv\Lib\site-packages\django\template\loader_tags.py", line 299, in do_extends
    nodelist = parser.parse()
  File "C:\Users\atsushi2\Desktop\TipTree\.venv\Lib\site-packages\django\template\base.py", line 518, in parse
    raise self.error(token, e)
  File "C:\Users\atsushi2\Desktop\TipTree\.venv\Lib\site-packages\django\template\base.py", line 516, in parse
    compiled_result = compile_func(self, token)
  File "C:\Users\atsushi2\Desktop\TipTree\.venv\Lib\site-packages\django\template\loader_tags.py", line 234, in do_block
    nodelist = parser.parse(("endblock",))
  File "C:\Users\atsushi2\Desktop\TipTree\.venv\Lib\site-packages\django\template\base.py", line 512, in parse
    self.invalid_block_tag(token, command, parse_until)
    ~~~~~~~~~~~~~~~~~~~~~~^^^^^^^^^^^^^^^^^^^^^^^^^^^^^
  File "C:\Users\atsushi2\Desktop\TipTree\.venv\Lib\site-packages\django\template\base.py", line 567, in invalid_block_tag
    raise self.error(
    ...<8 lines>...
    )
django.template.exceptions.TemplateSyntaxError: Invalid block tag on line 3: 'static', expected 'endblock'. Did you forget to register or load this tag?
[WARNING] 2026-01-06 12:15:58,314 django.request: Not Found: /media/profile_images/reina.kurosaki.jpg
[WARNING] 2026-01-06 12:19:42,939 django.request: Not Found: /media/profile_images/reina.kurosaki.jpg
[WARNING] 2026-01-06 12:19:43,875 django.request: Not Found: /media/profile_images/reina.kurosaki.jpg
[WARNING] 2026-01-06 12:19:44,451 django.request: Not Found: /media/profile_images/reina.kurosaki.jpg
[WARNING] 2026-01-06 12:19:44,708 django.request: Not Found: /media/profile_images/reina.kurosaki.jpg
[WARNING] 2026-01-06 12:19:44,914 django.request: Not Found: /media/profile_images/reina.kurosaki.jpg
[WARNING] 2026-01-06 12:20:45,078 django.request: Not Found: /media/profile_images/reina.kurosaki.jpg
[WARNING] 2026-01-06 14:20:21,253 django.request: Not Found: /media/profile_images/reina.kurosaki.jpg
[WARNING] 2026-01-06 14:42:05,165 django.request: Not Found: /media/profile_images/reina.kurosaki.jpg
